<?xml version="1.0" encoding="UTF-8" ?>
<testsuite tests="7" failures="0" name="homework2.task1.TrapeziumTest" time="0.015" errors="0" skipped="0">
  <properties>
[...]
</properties>
  <testcase classname="homework2.task1.TrapeziumTest" name="requireExceptionWithNoParameters" time="0"/>
  <testcase classname="homework2.task1.TrapeziumTest" name="requireResultWithIntegerDoubleDouble" time="0"/>
  <testcase classname="homework2.task1.TrapeziumTest" name="requireResultWithIntegerIntegerInteger" time="0"/>
  <testcase classname="homework2.task1.TrapeziumTest" name="requireResultZeroDoubleDouble" time="0"/>
  <testcase classname="homework2.task1.TrapeziumTest" name="requireResultWithDoubleDoubleInteger" time="0"/>
  <testcase classname="homework2.task1.TrapeziumTest" name="requireResultZeroZeroZero" time="0"/>
  <testcase classname="homework2.task1.TrapeziumTest" name="requireResultWithDoubleDoubleDouble" time="0"/>
</testsuite>